<?xml version="1.0" encoding="UTF-8"?>
<!-- Generated by org.testng.reporters.JUnitReportReporter -->
<testsuite hostname="Vishnu-PC" failures="0" tests="1" name="com.test.yantra.UrbanLadder" time="112.108" errors="0" timestamp="29 Jan 2019 12:03:55 GMT" skipped="0">
  <testcase classname="com.test.yantra.UrbanLadder" name="test" time="112.108"/>
</testsuite> <!-- com.test.yantra.UrbanLadder -->
