<?xml version="1.0" encoding="UTF-8"?>
<!-- Generated by org.testng.reporters.JUnitReportReporter -->
<testsuite hostname="Vishnu-PC" failures="0" tests="1" name="com.assignments.BlueStone4" time="34.452" errors="0" timestamp="07 Feb 2019 04:41:00 GMT" skipped="0">
  <testcase classname="com.assignments.BlueStone4" name="test" time="34.452"/>
</testsuite> <!-- com.assignments.BlueStone4 -->
