<?xml version="1.0" encoding="UTF-8"?>
<!-- Generated by org.testng.reporters.JUnitReportReporter -->
<testsuite hostname="Vishnu-PC" failures="0" tests="1" name="com.assignments.DemoExtentReport" time="0.580" errors="0" timestamp="11 Feb 2019 07:07:34 GMT" skipped="0">
  <testcase classname="com.assignments.DemoExtentReport" name="Test" time="0.580"/>
</testsuite> <!-- com.assignments.DemoExtentReport -->
