<?xml version="1.0" encoding="UTF-8"?>
<!-- Generated by org.testng.reporters.JUnitReportReporter -->
<testsuite hostname="Vishnu-PC" failures="0" tests="2" name="com.test.yantra.TestClass" time="0.015" errors="0" timestamp="31 Jan 2019 04:20:04 GMT" skipped="0">
  <testcase classname="com.test.yantra.TestClass" name="test" time="0.011"/>
  <testcase classname="com.test.yantra.TestClass" name="test" time="0.004"/>
</testsuite> <!-- com.test.yantra.TestClass -->
