<?xml version="1.0" encoding="UTF-8"?>
<!-- Generated by org.testng.reporters.JUnitReportReporter -->
<testsuite hostname="Vishnu-PC" failures="0" tests="1" name="com.extent.reports.DemoExtentReport" time="0.551" errors="0" timestamp="11 Feb 2019 07:57:43 GMT" skipped="0">
  <testcase classname="com.extent.reports.DemoExtentReport" name="Test" time="0.551"/>
</testsuite> <!-- com.extent.reports.DemoExtentReport -->
